[2025-12-04 07:00:23,981] INFO 2025-12-04 07:00:23.981852 - User: solomon - Path: /api/v1/chats/conversations/5d2c4d1a-3ecf-421b-8fb0-107551df323a/messages/
[2025-12-04 07:05:54,553] INFO 2025-12-04 07:05:54.553379 - User: solomon - Path: /api/v1/chats/conversations/5d2c4d1a-3ecf-421b-8fb0-107551df323a/messages/
[2025-12-04 07:06:34,965] INFO 2025-12-04 07:06:34.965249 - User: solomon - Path: /api/v1/chats/conversations/5d2c4d1a-3ecf-421b-8fb0-107551df323a/messages/
[2025-12-04 07:08:00,700] INFO 2025-12-04 07:08:00.700067 - User: solomon - Path: /api/v1/chats/conversations/5d2c4d1a-3ecf-421b-8fb0-107551df323a/messages/
[2025-12-04 07:13:58,366] INFO 2025-12-04 07:13:58.366932 - User: solomon - Path: /api/v1/chats/conversations/5d2c4d1a-3ecf-421b-8fb0-107551df323a/messages/
[2025-12-04 07:14:02,256] INFO 2025-12-04 07:14:02.256891 - User: solomon - Path: /api/v1/chats/conversations/5d2c4d1a-3ecf-421b-8fb0-107551df323a/messages/
[2025-12-04 07:14:04,472] INFO 2025-12-04 07:14:04.472690 - User: solomon - Path: /api/v1/chats/conversations/5d2c4d1a-3ecf-421b-8fb0-107551df323a/messages/
[2025-12-04 07:14:06,103] INFO 2025-12-04 07:14:06.103375 - User: solomon - Path: /api/v1/chats/conversations/5d2c4d1a-3ecf-421b-8fb0-107551df323a/messages/
[2025-12-04 07:14:07,074] INFO 2025-12-04 07:14:07.074801 - User: solomon - Path: /api/v1/chats/conversations/5d2c4d1a-3ecf-421b-8fb0-107551df323a/messages/
[2025-12-04 07:14:08,498] INFO 2025-12-04 07:14:08.498861 - User: solomon - Path: /api/v1/chats/conversations/5d2c4d1a-3ecf-421b-8fb0-107551df323a/messages/
[2025-12-04 07:14:09,606] INFO 2025-12-04 07:14:09.606114 - User: solomon - Path: /api/v1/chats/conversations/5d2c4d1a-3ecf-421b-8fb0-107551df323a/messages/
[2025-12-04 07:14:10,435] INFO 2025-12-04 07:14:10.435005 - User: solomon - Path: /api/v1/chats/conversations/5d2c4d1a-3ecf-421b-8fb0-107551df323a/messages/
[2025-12-04 07:14:11,248] INFO 2025-12-04 07:14:11.248680 - User: solomon - Path: /api/v1/chats/conversations/5d2c4d1a-3ecf-421b-8fb0-107551df323a/messages/
[2025-12-04 07:14:11,790] INFO 2025-12-04 07:14:11.790690 - User: solomon - Path: /api/v1/chats/conversations/5d2c4d1a-3ecf-421b-8fb0-107551df323a/messages/
[2025-12-04 07:14:13,074] INFO 2025-12-04 07:14:13.074767 - User: solomon - Path: /api/v1/chats/conversations/5d2c4d1a-3ecf-421b-8fb0-107551df323a/messages/
[2025-12-04 07:14:14,117] INFO 2025-12-04 07:14:14.117126 - User: solomon - Path: /api/v1/chats/conversations/5d2c4d1a-3ecf-421b-8fb0-107551df323a/messages/
[2025-12-04 07:14:14,754] INFO 2025-12-04 07:14:14.754080 - User: solomon - Path: /api/v1/chats/conversations/5d2c4d1a-3ecf-421b-8fb0-107551df323a/messages/
[2025-12-04 07:14:15,366] INFO 2025-12-04 07:14:15.365969 - User: solomon - Path: /api/v1/chats/conversations/5d2c4d1a-3ecf-421b-8fb0-107551df323a/messages/
[2025-12-04 07:15:56,761] INFO 2025-12-04 07:15:56.761916 - User: solomon - Path: /api/v1/chats/conversations/
[2025-12-04 07:16:59,999] INFO 2025-12-04 07:16:59.999302 - User: solomon - Path: /api/v1/chats/conversations/
[2025-12-04 07:19:54,726] INFO 2025-12-04 07:19:54.726244 - User: solomon - Path: /api/v1/chats/conversations/
[2025-12-04 07:21:12,780] INFO 2025-12-04 07:21:12.780801 - User: solomon - Path: /api/v1/chats/conversations/efb4be10-9502-483c-a404-a00fa619c1ac
[2025-12-04 07:21:12,852] INFO 2025-12-04 07:21:12.852106 - User: solomon - Path: /api/v1/chats/conversations/efb4be10-9502-483c-a404-a00fa619c1ac/
[2025-12-04 07:21:45,435] INFO 2025-12-04 07:21:45.435849 - User: solomon - Path: /admin/
[2025-12-04 07:21:55,023] INFO 2025-12-04 07:21:55.022236 - User: solomon - Path: /api/v1/chats/messages/
[2025-12-04 07:22:24,845] INFO 2025-12-04 07:22:24.845314 - User: solomon - Path: /api/v1/chats/messages/
[2025-12-04 07:22:51,700] INFO 2025-12-04 07:22:51.700680 - User: solomon - Path: /api/v1/chats/messages/
[2025-12-04 07:23:35,751] INFO 2025-12-04 07:23:35.751229 - User: solomon - Path: /api/v1/chats/messages/
[2025-12-04 07:23:53,168] INFO 2025-12-04 07:23:53.168837 - User: solomon - Path: /api/v1/chats/messages/
[2025-12-04 07:28:09,332] INFO 2025-12-04 07:28:09.330863 - User: solomon - Path: /api/v1/chats/messages/
[2025-12-04 07:28:19,413] INFO 2025-12-04 07:28:19.413022 - User: solomon - Path: /api/v1/chats/messages/
[2025-12-04 07:28:28,550] INFO 2025-12-04 07:28:28.550872 - User: solomon - Path: /api/v1/chats/messages/
[2025-12-04 07:28:35,555] INFO 2025-12-04 07:28:35.555164 - User: solomon - Path: /api/v1/chats/messages/
[2025-12-04 07:28:42,238] INFO 2025-12-04 07:28:42.238546 - User: solomon - Path: /api/v1/chats/messages/
[2025-12-04 07:28:48,267] INFO 2025-12-04 07:28:48.267682 - User: solomon - Path: /api/v1/chats/messages/
[2025-12-04 07:28:54,733] INFO 2025-12-04 07:28:54.733040 - User: solomon - Path: /api/v1/chats/messages/
